<?xml version="1.0" encoding="UTF-8"?>
<testsuite name="com.optilog.OptilogTest" tests="1" skipped="0" failures="0" errors="0" timestamp="2022-06-14T11:26:01" hostname="LAPTOP-4KAC853E" time="0.42">
  <properties/>
  <testcase name="test()" classname="com.optilog.OptilogTest" time="0.42"/>
  <system-out><![CDATA[[2022-06-14|19:26:01(78))][com.optilog.OptilogTest test(OptilogTest.java:12)/Test worker] info:---常规输出测试---
[2022-06-14|19:26:01(79))][com.optilog.OptilogTest test(OptilogTest.java:13)/Test worker] info:infojava.lang.Object@549621f3
[2022-06-14|19:26:01(80))][com.optilog.OptilogTest test(OptilogTest.java:14)/Test worker] Error:error
[2022-06-14|19:26:01(80))][com.optilog.OptilogTest test(OptilogTest.java:15)/Test worker] debug:debug32.0
[2022-06-14|19:26:01(80))][com.optilog.OptilogTest test(OptilogTest.java:16)/Test worker] FATAL:null
[2022-06-14|19:26:01(81))][com.optilog.OptilogTest test(OptilogTest.java:17)/Test worker] FATAL:null
[2022-06-14|19:26:01(81))][com.optilog.OptilogTest test(OptilogTest.java:18)/Test worker] Warning:warnnull
[2022-06-14|19:26:01(82))][com.optilog.OptilogTest test(OptilogTest.java:19)/Test worker] info:---占位符---
[2022-06-14|19:26:01(83))][com.optilog.OptilogTest test(OptilogTest.java:20)/Test worker] info:1 2
[2022-06-14|19:26:01(83))][com.optilog.OptilogTest test(OptilogTest.java:21)/Test worker] Error:1 1
[2022-06-14|19:26:01(84))][com.optilog.OptilogTest test(OptilogTest.java:22)/Test worker] Warning:null
[2022-06-14|19:26:01(84))][com.optilog.OptilogTest test(OptilogTest.java:23)/Test worker] debug:1 2 #3
[2022-06-14|19:26:01(85))][com.optilog.OptilogTest test(OptilogTest.java:24)/Test worker] FATAL:1 #2
[2022-06-14|19:26:01(85))][com.optilog.OptilogTest test(OptilogTest.java:25)/Test worker] debug:de
[2022-06-14|19:26:01(85))][com.optilog.OptilogTest test(OptilogTest.java:26)/Test worker] test:t!e!s!t！
[2022-06-14|19:26:01(86))][com.optilog.OptilogTest test(OptilogTest.java:33)/Test worker] Warning:---变化栈测试---
[2022-06-14|19:26:01(86))][com.optilog.OptilogTest test(OptilogTest.java:34)/Test worker] info:info(test)
[2022-06-14|19:26:01(87))][com.optilog.OptilogTest test(OptilogTest.java:36)/Test worker] info:$
[2022-06-14|19:26:01(87))][com.optilog.OptilogTest lambda$test$1(OptilogTest.java:35)/Thread-3] info:hello
19
[2022-06-14|19:26:01(88)][com.optilog.OptilogTest test(OptilogTest.java:41)/Test worker] info:log2
]]></system-out>
  <system-err><![CDATA[[2022-06-14|19:26:01(79))][com.optilog.OptilogTest test(OptilogTest.java:14)/Test worker] Error:error
[2022-06-14|19:26:01(80))][com.optilog.OptilogTest test(OptilogTest.java:16)/Test worker] FATAL:null
[2022-06-14|19:26:01(80))][com.optilog.OptilogTest test(OptilogTest.java:17)/Test worker] FATAL:null
[2022-06-14|19:26:01(83))][com.optilog.OptilogTest test(OptilogTest.java:21)/Test worker] Error:1 1
[2022-06-14|19:26:01(84))][com.optilog.OptilogTest test(OptilogTest.java:24)/Test worker] FATAL:1 #2
]]></system-err>
</testsuite>
